<?xml version="1.0" encoding="UTF-8"?>
<testsuite xmlns:xsi="http://www.w3.org/2001/XMLSchema-instance" xsi:noNamespaceSchemaLocation="https://maven.apache.org/surefire/maven-surefire-plugin/xsd/surefire-test-report.xsd" name="Aston.com.tests.UITests.main_page.ATinkMainPageTest" time="26.01" tests="4" errors="0" skipped="0" failures="0">
  <properties>
[...]
</properties>
  <testcase name="testAssertThatClickOnTabsOpensNewPage" classname="Aston.com.tests.UITests.main_page.ATinkMainPageTest" time="0.812"/>
  <testcase name="testAssertThatTimeForSliderMovingCycleIsAboutNineSecond" classname="Aston.com.tests.UITests.main_page.ATinkMainPageTest" time="10.783"/>
  <testcase name="testAssertThatColorIsChangeWhenMouseMoveToElement" classname="Aston.com.tests.UITests.main_page.ATinkMainPageTest" time="0.995"/>
  <testcase name="testAssertThatSliderContainPersonalTextAndImage" classname="Aston.com.tests.UITests.main_page.ATinkMainPageTest" time="6.04"/>
</testsuite>